<?xml version="1.0" encoding="UTF-8"?>
<!-- Generated by org.testng.reporters.JUnitReportReporter -->
<testsuite hostname="KUTTI" failures="0" tests="1" name="day1.PetStore" time="2.803" errors="0" timestamp="2024-06-03T15:01:29 IST" skipped="0">
  <testcase classname="day1.PetStore" name="viewUpdatedData" time="2.803"/>
  <system-out/>
</testsuite> <!-- day1.PetStore -->
