<?xml version="1.0" encoding="UTF-8"?>
<!-- Generated by org.testng.reporters.JUnitReportReporter -->
<testsuite hostname="KUTTI" failures="0" tests="2" name="day1.GetStatus" time="2.654" errors="0" timestamp="2024-06-02T11:14:38 IST" skipped="0">
  <testcase classname="day1.GetStatus" name="createEmployee" time="2.339"/>
  <system-out/>
  <testcase classname="day1.GetStatus" name="getDetails" time="0.315"/>
  <system-out/>
</testsuite> <!-- day1.GetStatus -->
